<?xml version="1.0" encoding="UTF-8"?>
<testsuite xmlns:xsi="http://www.w3.org/2001/XMLSchema-instance" xsi:noNamespaceSchemaLocation="https://maven.apache.org/surefire/maven-surefire-plugin/xsd/surefire-test-report-3.0.xsd" version="3.0" name="com.movie.web.WebApplicationTests" time="7.835" tests="1" errors="0" skipped="0" failures="0">
  <properties>
[...]
</properties>
  <testcase name="contextLoads" classname="com.movie.web.WebApplicationTests" time="0.733">
    <system-out><![CDATA[10:52:31.228 [main] INFO org.springframework.test.context.support.AnnotationConfigContextLoaderUtils -- Could not detect default configuration classes for test class [com.movie.web.WebApplicationTests]: WebApplicationTests does not declare any static, non-private, non-final, nested classes annotated with @Configuration.
10:52:31.377 [main] INFO org.springframework.boot.test.context.SpringBootTestContextBootstrapper -- Found @SpringBootConfiguration com.movie.web.WebApplication for test class com.movie.web.WebApplicationTests
2023-07-05T10:52:32.013+07:00  INFO 17068 --- [           main] com.movie.web.WebApplicationTests        : Starting WebApplicationTests using Java 18.0.2 with PID 17068 (started by Minh Man in C:\Users\lop12\OneDrive\Documents\Real project\JAVA\web\web2)
2023-07-05T10:52:32.015+07:00  INFO 17068 --- [           main] com.movie.web.WebApplicationTests        : No active profile set, falling back to 1 default profile: "default"
2023-07-05T10:52:32.064+07:00 DEBUG 17068 --- [           main] o.s.w.c.s.GenericWebApplicationContext   : Refreshing org.springframework.web.context.support.GenericWebApplicationContext@40bffbca
2023-07-05T10:52:32.962+07:00  INFO 17068 --- [           main] .s.d.r.c.RepositoryConfigurationDelegate : Bootstrapping Spring Data JPA repositories in DEFAULT mode.
2023-07-05T10:52:33.050+07:00  INFO 17068 --- [           main] .s.d.r.c.RepositoryConfigurationDelegate : Finished Spring Data repository scanning in 74 ms. Found 3 JPA repository interfaces.
2023-07-05T10:52:33.585+07:00  INFO 17068 --- [           main] com.zaxxer.hikari.HikariDataSource       : HikariPool-1 - Starting...
2023-07-05T10:52:34.264+07:00  INFO 17068 --- [           main] com.zaxxer.hikari.pool.HikariPool        : HikariPool-1 - Added connection com.mysql.cj.jdbc.ConnectionImpl@7df6d663
2023-07-05T10:52:34.268+07:00  INFO 17068 --- [           main] com.zaxxer.hikari.HikariDataSource       : HikariPool-1 - Start completed.
2023-07-05T10:52:34.338+07:00  INFO 17068 --- [           main] o.hibernate.jpa.internal.util.LogHelper  : HHH000204: Processing PersistenceUnitInfo [name: default]
2023-07-05T10:52:34.489+07:00  INFO 17068 --- [           main] org.hibernate.Version                    : HHH000412: Hibernate ORM core version 6.2.5.Final
2023-07-05T10:52:34.493+07:00  INFO 17068 --- [           main] org.hibernate.cfg.Environment            : HHH000406: Using bytecode reflection optimizer
2023-07-05T10:52:34.798+07:00  INFO 17068 --- [           main] o.h.b.i.BytecodeProviderInitiator        : HHH000021: Bytecode provider name : bytebuddy
2023-07-05T10:52:35.019+07:00  INFO 17068 --- [           main] o.s.o.j.p.SpringPersistenceUnitInfo      : No LoadTimeWeaver setup: ignoring JPA class transformer
2023-07-05T10:52:35.501+07:00  INFO 17068 --- [           main] o.h.b.i.BytecodeProviderInitiator        : HHH000021: Bytecode provider name : bytebuddy
2023-07-05T10:52:36.454+07:00  INFO 17068 --- [           main] o.h.e.t.j.p.i.JtaPlatformInitiator       : HHH000490: Using JtaPlatform implementation: [org.hibernate.engine.transaction.jta.platform.internal.NoJtaPlatform]
2023-07-05T10:52:36.458+07:00  INFO 17068 --- [           main] j.LocalContainerEntityManagerFactoryBean : Initialized JPA EntityManagerFactory for persistence unit 'default'
2023-07-05T10:52:37.535+07:00  WARN 17068 --- [           main] JpaBaseConfiguration$JpaWebConfiguration : spring.jpa.open-in-view is enabled by default. Therefore, database queries may be performed during view rendering. Explicitly configure spring.jpa.open-in-view to disable this warning
2023-07-05T10:52:37.726+07:00 DEBUG 17068 --- [           main] s.w.s.m.m.a.RequestMappingHandlerAdapter : ControllerAdvice beans: 0 @ModelAttribute, 0 @InitBinder, 1 RequestBodyAdvice, 1 ResponseBodyAdvice
2023-07-05T10:52:37.877+07:00 DEBUG 17068 --- [           main] s.w.s.m.m.a.RequestMappingHandlerMapping : 10 mappings in 'requestMappingHandlerMapping'
2023-07-05T10:52:37.914+07:00 DEBUG 17068 --- [           main] o.s.w.s.handler.SimpleUrlHandlerMapping  : Patterns [/webjars/**, /**] in 'resourceHandlerMapping'
2023-07-05T10:52:37.926+07:00 DEBUG 17068 --- [           main] .m.m.a.ExceptionHandlerExceptionResolver : ControllerAdvice beans: 0 @ExceptionHandler, 1 ResponseBodyAdvice
2023-07-05T10:52:38.030+07:00  INFO 17068 --- [           main] com.movie.web.WebApplicationTests        : Started WebApplicationTests in 6.461 seconds (process running for 7.995)
]]></system-out>
  </testcase>
</testsuite>